2024-04-02 11:02:14.553 [info] Extension host with pid 96172 started
2024-04-02 11:02:15.639 [info] ExtensionService#_doActivateExtension vscode.git-base, startup: true, activationEvent: '*', root cause: vscode.git
2024-04-02 11:02:15.791 [info] ExtensionService#_doActivateExtension vscode.git, startup: true, activationEvent: '*'
2024-04-02 11:02:16.243 [info] ExtensionService#_doActivateExtension vscode.github, startup: true, activationEvent: '*'
2024-04-02 11:02:16.692 [info] Extension host terminating: renderer closed the MessagePort
2024-04-02 11:02:16.720 [info] Extension host with pid 96172 exiting with code 0
2024-04-02 11:02:21.615 [info] Extension host with pid 96507 started
2024-04-02 11:02:21.615 [info] Skipping acquiring lock for /root/kube/07/svc/root/vscode/User/workspaceStorage/0f362b1320ab429387a22def5062b9d8.
2024-04-02 11:02:21.778 [info] ExtensionService#_doActivateExtension vscode.git-base, startup: true, activationEvent: '*'
2024-04-02 11:02:21.848 [info] ExtensionService#_doActivateExtension vscode.github, startup: true, activationEvent: '*'
2024-04-02 11:02:22.162 [info] Eager extensions activated
2024-04-02 11:02:22.216 [info] ExtensionService#_doActivateExtension vscode.debug-auto-launch, startup: false, activationEvent: 'onStartupFinished'
2024-04-02 11:02:22.229 [info] ExtensionService#_doActivateExtension vscode.merge-conflict, startup: false, activationEvent: 'onStartupFinished'
2024-04-02 11:02:29.270 [info] ExtensionService#_doActivateExtension vscode.git, startup: false, activationEvent: 'api', root cause: vscode.github
2024-04-02 11:02:29.857 [info] ExtensionService#_doActivateExtension redhat.vscode-yaml, startup: false, activationEvent: 'onLanguage:yaml', root cause: ms-kubernetes-tools.vscode-kubernetes-tools
2024-04-02 11:02:30.255 [info] ExtensionService#_doActivateExtension vscode.emmet, startup: false, activationEvent: 'onLanguage'
2024-04-02 11:02:31.244 [info] ExtensionService#_doActivateExtension ms-kubernetes-tools.vscode-kubernetes-tools, startup: false, activationEvent: 'onLanguage:yaml'
2024-04-02 11:02:33.762 [warning] [redhat.vscode-yaml] Accessing a resource scoped configuration without providing a resource is not expected. To get the effective value for '[yaml]', provide the URI of a resource or 'null' for any resource.
2024-04-02 11:02:33.998 [warning] [redhat.vscode-yaml] Accessing a resource scoped configuration without providing a resource is not expected. To get the effective value for '[yaml]', provide the URI of a resource or 'null' for any resource.
2024-04-02 17:03:14.174 [error] [redhat.vscode-yaml] provider FAILED
2024-04-02 17:03:14.179 [error] Error: name must not be falsy
	at l.validate (/usr/share/code/resources/app/out/vs/workbench/api/node/extensionHostProcess.js:148:17346)
	at new l (/usr/share/code/resources/app/out/vs/workbench/api/node/extensionHostProcess.js:148:17641)
	at $ (/root/.vscode/extensions/redhat.vscode-yaml-1.14.0/dist/extension.js:2:427439)
	at $ (/root/.vscode/extensions/redhat.vscode-yaml-1.14.0/dist/extension.js:2:427614)
	at $ (/root/.vscode/extensions/redhat.vscode-yaml-1.14.0/dist/extension.js:2:427614)
	at $ (/root/.vscode/extensions/redhat.vscode-yaml-1.14.0/dist/extension.js:2:427614)
	at $ (/root/.vscode/extensions/redhat.vscode-yaml-1.14.0/dist/extension.js:2:427614)
	at $ (/root/.vscode/extensions/redhat.vscode-yaml-1.14.0/dist/extension.js:2:427614)
	at Array.map (<anonymous>)
	at Object.asDocumentSymbols (/root/.vscode/extensions/redhat.vscode-yaml-1.14.0/dist/extension.js:2:432785)
	at /root/.vscode/extensions/redhat.vscode-yaml-1.14.0/dist/extension.js:2:359291
	at async l.provideDocumentSymbols (/usr/share/code/resources/app/out/vs/workbench/api/node/extensionHostProcess.js:150:93630)
2024-04-02 17:06:47.868 [warning] redhat.vscode-yaml - Code actions of kind 'quickfix 'requested but returned code action does not have a 'kind'. Code action will be dropped. Please set 'CodeAction.kind'.
