2024-04-01 11:14:04.347 [info] Log level: Info
2024-04-01 11:14:04.347 [info] Validating found git in: "git"
2024-04-01 11:14:04.347 [info] Using git "2.39.3" from "git"
2024-04-01 11:14:25.419 [info] Log level: Info
2024-04-01 11:14:25.419 [info] Validating found git in: "git"
2024-04-01 11:14:25.419 [info] Using git "2.39.3" from "git"
2024-04-01 11:14:25.428 [info] > git rev-parse --show-toplevel [97ms]
2024-04-01 11:14:25.428 [info] fatal: not a git repository (or any of the parent directories): .git
2024-04-01 11:14:25.509 [info] > git rev-parse --show-toplevel [5ms]
2024-04-01 11:14:25.509 [info] fatal: not a git repository (or any of the parent directories): .git
2024-04-01 11:14:34.967 [info] > git rev-parse --show-toplevel [3ms]
2024-04-01 11:14:34.967 [info] fatal: not a git repository (or any of the parent directories): .git
2024-04-01 11:51:34.326 [info] Log level: Info
2024-04-01 11:51:34.326 [info] Validating found git in: "git"
2024-04-01 11:51:34.326 [info] Using git "2.39.3" from "git"
2024-04-01 11:51:34.326 [info] > git rev-parse --show-toplevel [32ms]
2024-04-01 11:51:34.326 [info] fatal: not a git repository (or any of the parent directories): .git
2024-04-01 11:51:34.331 [info] > git rev-parse --show-toplevel [54ms]
2024-04-01 11:51:34.331 [info] fatal: not a git repository (or any of the parent directories): .git
2024-04-01 11:51:34.391 [info] > git rev-parse --show-toplevel [39ms]
2024-04-01 11:51:34.395 [info] fatal: not a git repository (or any of the parent directories): .git
2024-04-01 11:51:34.424 [info] > git rev-parse --show-toplevel [5ms]
2024-04-01 11:51:34.424 [info] fatal: not a git repository (or any of the parent directories): .git
2024-04-01 11:51:34.466 [info] > git rev-parse --show-toplevel [23ms]
2024-04-01 11:51:34.466 [info] fatal: not a git repository (or any of the parent directories): .git
2024-04-01 11:51:34.534 [info] > git rev-parse --show-toplevel [5ms]
2024-04-01 11:51:34.534 [info] fatal: not a git repository (or any of the parent directories): .git
2024-04-01 11:51:34.691 [info] > git rev-parse --show-toplevel [25ms]
2024-04-01 11:51:34.691 [info] fatal: not a git repository (or any of the parent directories): .git
2024-04-01 11:51:36.105 [info] > git rev-parse --show-toplevel [2ms]
2024-04-01 11:51:36.105 [info] fatal: not a git repository (or any of the parent directories): .git
2024-04-01 11:51:40.649 [info] > git rev-parse --show-toplevel [37ms]
2024-04-01 11:51:40.649 [info] fatal: not a git repository (or any of the parent directories): .git
