2024-03-29 13:18:25.330 [info] Log level: Info
2024-03-29 13:18:25.330 [info] Validating found git in: "git"
2024-03-29 13:18:25.330 [info] Using git "2.39.3" from "git"
2024-03-29 13:18:48.146 [info] Log level: Info
2024-03-29 13:18:48.146 [info] Validating found git in: "git"
2024-03-29 13:18:48.146 [info] Using git "2.39.3" from "git"
2024-03-29 13:18:48.164 [info] > git rev-parse --show-toplevel [19ms]
2024-03-29 13:18:48.164 [info] fatal: not a git repository (or any of the parent directories): .git
2024-03-29 13:18:48.219 [info] > git rev-parse --show-toplevel [29ms]
2024-03-29 13:18:48.219 [info] fatal: not a git repository (or any of the parent directories): .git
2024-03-29 13:18:48.270 [info] > git rev-parse --show-toplevel [27ms]
2024-03-29 13:18:48.270 [info] fatal: not a git repository (or any of the parent directories): .git
2024-03-29 13:18:48.310 [info] > git rev-parse --show-toplevel [7ms]
2024-03-29 13:18:48.319 [info] fatal: not a git repository (or any of the parent directories): .git
2024-03-29 13:19:16.886 [info] > git rev-parse --show-toplevel [81ms]
2024-03-29 13:19:16.886 [info] fatal: not a git repository (or any of the parent directories): .git
2024-03-29 16:40:48.651 [info] > git rev-parse --show-toplevel [7ms]
2024-03-29 16:40:48.652 [info] fatal: not a git repository (or any of the parent directories): .git
2024-03-29 16:45:18.287 [info] > git rev-parse --show-toplevel [35ms]
2024-03-29 16:45:18.287 [info] fatal: not a git repository (or any of the parent directories): .git
