2024-04-04 11:23:42.766 [warning] Creation of workbench contribution 'workbench.contrib.explorerViewletViews' took 41ms.
2024-04-04 11:23:43.939 [info] Started local extension host with pid 27243.
2024-04-04 11:23:55.889 [info] Started local extension host with pid 27530.
2024-04-04 11:24:01.424 [info] [perf] Render performance baseline is 319ms
2024-04-04 11:24:08.573 [error] [Extension Host] (node:27530) [DEP0005] DeprecationWarning: Buffer() is deprecated due to security and usability issues. Please use the Buffer.alloc(), Buffer.allocUnsafe(), or Buffer.from() methods instead.
(Use `exe --trace-deprecation ...` to show where the warning was created)
2024-04-04 11:25:05.489 [error] name must not be falsy: Error: name must not be falsy
	at l.validate (/usr/share/code/resources/app/out/vs/workbench/api/node/extensionHostProcess.js:148:17346)
	at new l (/usr/share/code/resources/app/out/vs/workbench/api/node/extensionHostProcess.js:148:17641)
	at $ (/root/.vscode/extensions/redhat.vscode-yaml-1.14.0/dist/extension.js:2:427439)
	at $ (/root/.vscode/extensions/redhat.vscode-yaml-1.14.0/dist/extension.js:2:427614)
	at Array.map (<anonymous>)
	at Object.asDocumentSymbols (/root/.vscode/extensions/redhat.vscode-yaml-1.14.0/dist/extension.js:2:432785)
	at /root/.vscode/extensions/redhat.vscode-yaml-1.14.0/dist/extension.js:2:359291
	at async l.provideDocumentSymbols (/usr/share/code/resources/app/out/vs/workbench/api/node/extensionHostProcess.js:150:93630)
2024-04-04 11:25:08.522 [error] name must not be falsy: Error: name must not be falsy
	at l.validate (/usr/share/code/resources/app/out/vs/workbench/api/node/extensionHostProcess.js:148:17346)
	at new l (/usr/share/code/resources/app/out/vs/workbench/api/node/extensionHostProcess.js:148:17641)
	at $ (/root/.vscode/extensions/redhat.vscode-yaml-1.14.0/dist/extension.js:2:427439)
	at Array.map (<anonymous>)
	at Object.asDocumentSymbols (/root/.vscode/extensions/redhat.vscode-yaml-1.14.0/dist/extension.js:2:432785)
	at /root/.vscode/extensions/redhat.vscode-yaml-1.14.0/dist/extension.js:2:359291
	at async l.provideDocumentSymbols (/usr/share/code/resources/app/out/vs/workbench/api/node/extensionHostProcess.js:150:93630)
2024-04-04 11:25:08.901 [error] name must not be falsy: Error: name must not be falsy
	at l.validate (/usr/share/code/resources/app/out/vs/workbench/api/node/extensionHostProcess.js:148:17346)
	at new l (/usr/share/code/resources/app/out/vs/workbench/api/node/extensionHostProcess.js:148:17641)
	at $ (/root/.vscode/extensions/redhat.vscode-yaml-1.14.0/dist/extension.js:2:427439)
	at $ (/root/.vscode/extensions/redhat.vscode-yaml-1.14.0/dist/extension.js:2:427614)
	at $ (/root/.vscode/extensions/redhat.vscode-yaml-1.14.0/dist/extension.js:2:427614)
	at Array.map (<anonymous>)
	at Object.asDocumentSymbols (/root/.vscode/extensions/redhat.vscode-yaml-1.14.0/dist/extension.js:2:432785)
	at /root/.vscode/extensions/redhat.vscode-yaml-1.14.0/dist/extension.js:2:359291
	at async l.provideDocumentSymbols (/usr/share/code/resources/app/out/vs/workbench/api/node/extensionHostProcess.js:150:93630)
