2024-04-04 11:23:43.401 [info] Added views:workbench.panel.markers.view in workbench.panel.markers
2024-04-04 11:23:43.401 [info] Added views:workbench.panel.output in workbench.panel.output
2024-04-04 11:23:43.401 [info] Added views:terminal in terminal
2024-04-04 11:23:43.401 [info] Added views:outline in workbench.view.explorer
2024-04-04 11:23:43.401 [info] Added views:workbench.scm in workbench.view.scm
2024-04-04 11:23:43.401 [info] Added views:workbench.view.search in workbench.view.search
2024-04-04 11:23:43.401 [info] Added views:timeline in workbench.view.explorer
2024-04-04 11:23:43.401 [info] Added views:workbench.explorer.emptyView in workbench.view.explorer
2024-04-04 11:23:43.935 [info] Added views:workbench.debug.variablesView,workbench.debug.watchExpressionsView,workbench.debug.callStackView,workbench.debug.breakPointsView in workbench.view.debug
2024-04-04 11:23:50.861 [info] Added views:extension.vsKubernetesExplorer,extension.vsKubernetesHelmRepoExplorer,kubernetes.cloudExplorer in workbench.view.extension.kubernetesView
2024-04-04 11:23:50.993 [info] Added views:~remote.forwardedPorts in ~remote.forwardedPortsContainer
2024-04-04 11:23:51.428 [info] Added views:workbench.panel.repl.view in workbench.panel.repl
2024-04-04 11:23:51.444 [info] Removed views:workbench.debug.breakPointsView,workbench.debug.callStackView,workbench.debug.watchExpressionsView,workbench.debug.variablesView from workbench.view.debug
2024-04-04 11:23:51.445 [info] Added views:workbench.debug.welcome in workbench.view.debug
2024-04-04 11:23:54.939 [info] Added views:workbench.panel.markers.view in workbench.panel.markers
2024-04-04 11:23:54.939 [info] Added views:workbench.panel.output in workbench.panel.output
2024-04-04 11:23:54.939 [info] Added views:terminal in terminal
2024-04-04 11:23:54.939 [info] Added views:workbench.scm in workbench.view.scm
2024-04-04 11:23:54.939 [info] Added views:workbench.view.search in workbench.view.search
2024-04-04 11:23:54.939 [info] Added views:outline in workbench.view.explorer
2024-04-04 11:23:54.939 [info] Added views:timeline in workbench.view.explorer
2024-04-04 11:23:54.939 [info] Added views:workbench.explorer.fileView in workbench.view.explorer
2024-04-04 11:23:57.026 [info] Added views:workbench.debug.variablesView,workbench.debug.watchExpressionsView,workbench.debug.callStackView,workbench.debug.breakPointsView in workbench.view.debug
2024-04-04 11:23:57.431 [info] Added views:~remote.forwardedPorts in ~remote.forwardedPortsContainer
2024-04-04 11:23:58.071 [info] Added views:workbench.panel.repl.view in workbench.panel.repl
2024-04-04 11:23:58.121 [info] Removed views:workbench.debug.breakPointsView,workbench.debug.callStackView,workbench.debug.watchExpressionsView,workbench.debug.variablesView from workbench.view.debug
2024-04-04 11:23:58.121 [info] Added views:workbench.debug.welcome in workbench.view.debug
2024-04-04 11:24:03.125 [info] Added views:extension.vsKubernetesExplorer,extension.vsKubernetesHelmRepoExplorer,kubernetes.cloudExplorer in workbench.view.extension.kubernetesView
