2024-03-29 13:18:23.518 [info] Extension host with pid 26924 started
2024-03-29 13:18:24.395 [info] ExtensionService#_doActivateExtension vscode.git-base, startup: true, activationEvent: '*', root cause: vscode.git
2024-03-29 13:18:24.545 [info] ExtensionService#_doActivateExtension vscode.git, startup: true, activationEvent: '*'
2024-03-29 13:18:24.910 [info] ExtensionService#_doActivateExtension vscode.github, startup: true, activationEvent: '*'
2024-03-29 13:18:25.305 [info] Eager extensions activated
2024-03-29 13:18:25.446 [info] ExtensionService#_doActivateExtension vscode.debug-auto-launch, startup: false, activationEvent: 'onStartupFinished'
2024-03-29 13:18:25.466 [info] ExtensionService#_doActivateExtension vscode.merge-conflict, startup: false, activationEvent: 'onStartupFinished'
2024-03-29 13:18:33.505 [info] Extension host terminating: renderer closed the MessagePort
2024-03-29 13:18:33.543 [info] Extension host with pid 26924 exiting with code 0
2024-03-29 13:18:39.118 [info] Extension host with pid 27177 started
2024-03-29 13:18:39.118 [info] Skipping acquiring lock for /root/kube/05/root/vscode/User/workspaceStorage/0f362b1320ab429387a22def5062b9d8.
2024-03-29 13:18:39.408 [info] ExtensionService#_doActivateExtension vscode.git-base, startup: true, activationEvent: '*'
2024-03-29 13:18:39.898 [info] ExtensionService#_doActivateExtension vscode.github, startup: true, activationEvent: '*'
2024-03-29 13:18:40.137 [info] Eager extensions activated
2024-03-29 13:18:40.433 [info] ExtensionService#_doActivateExtension vscode.debug-auto-launch, startup: false, activationEvent: 'onStartupFinished'
2024-03-29 13:18:40.437 [info] ExtensionService#_doActivateExtension vscode.merge-conflict, startup: false, activationEvent: 'onStartupFinished'
2024-03-29 13:18:47.241 [info] ExtensionService#_doActivateExtension vscode.git, startup: false, activationEvent: 'api', root cause: vscode.github
2024-03-29 13:19:16.312 [info] ExtensionService#_doActivateExtension redhat.vscode-yaml, startup: false, activationEvent: 'onLanguage:yaml', root cause: ms-kubernetes-tools.vscode-kubernetes-tools
2024-03-29 13:19:16.653 [info] ExtensionService#_doActivateExtension vscode.emmet, startup: false, activationEvent: 'onLanguage'
2024-03-29 13:19:17.610 [info] ExtensionService#_doActivateExtension ms-kubernetes-tools.vscode-kubernetes-tools, startup: false, activationEvent: 'onLanguage:yaml'
2024-03-29 13:19:20.717 [warning] [redhat.vscode-yaml] Accessing a resource scoped configuration without providing a resource is not expected. To get the effective value for '[yaml]', provide the URI of a resource or 'null' for any resource.
2024-03-29 13:19:20.845 [warning] [redhat.vscode-yaml] Accessing a resource scoped configuration without providing a resource is not expected. To get the effective value for '[yaml]', provide the URI of a resource or 'null' for any resource.
2024-03-29 16:45:17.010 [info] ExtensionService#_doActivateExtension vscode.json-language-features, startup: false, activationEvent: 'onLanguage:jsonc'
2024-03-29 16:45:17.220 [info] ExtensionService#_doActivateExtension vscode.typescript-language-features, startup: false, activationEvent: 'onLanguage:jsonc'
2024-03-29 16:45:18.253 [warning] [redhat.vscode-yaml] Accessing a resource scoped configuration without providing a resource is not expected. To get the effective value for '[yaml]', provide the URI of a resource or 'null' for any resource.
2024-03-29 16:45:21.621 [info] Extension host terminating: renderer closed the MessagePort
2024-03-29 16:45:21.757 [info] Extension host with pid 27177 exiting with code 0
