2024-04-01 15:55:53.768 [info] Added views:workbench.panel.markers.view in workbench.panel.markers
2024-04-01 15:55:53.769 [info] Added views:workbench.panel.output in workbench.panel.output
2024-04-01 15:55:53.769 [info] Added views:terminal in terminal
2024-04-01 15:55:53.769 [info] Added views:outline in workbench.view.explorer
2024-04-01 15:55:53.769 [info] Added views:workbench.scm in workbench.view.scm
2024-04-01 15:55:53.769 [info] Added views:workbench.view.search in workbench.view.search
2024-04-01 15:55:53.770 [info] Added views:timeline in workbench.view.explorer
2024-04-01 15:55:53.770 [info] Added views:workbench.explorer.emptyView in workbench.view.explorer
2024-04-01 15:55:54.755 [info] Added views:workbench.debug.variablesView,workbench.debug.watchExpressionsView,workbench.debug.callStackView,workbench.debug.breakPointsView in workbench.view.debug
2024-04-01 15:56:03.206 [info] Added views:extension.vsKubernetesExplorer,extension.vsKubernetesHelmRepoExplorer,kubernetes.cloudExplorer in workbench.view.extension.kubernetesView
2024-04-01 15:56:03.355 [info] Added views:~remote.forwardedPorts in ~remote.forwardedPortsContainer
2024-04-01 15:56:03.855 [info] Added views:workbench.panel.repl.view in workbench.panel.repl
2024-04-01 15:56:03.857 [info] Removed views:workbench.debug.breakPointsView,workbench.debug.callStackView,workbench.debug.watchExpressionsView,workbench.debug.variablesView from workbench.view.debug
2024-04-01 15:56:03.857 [info] Added views:workbench.debug.welcome in workbench.view.debug
2024-04-01 15:56:08.805 [info] Added views:workbench.panel.markers.view in workbench.panel.markers
2024-04-01 15:56:08.805 [info] Added views:workbench.panel.output in workbench.panel.output
2024-04-01 15:56:08.805 [info] Added views:terminal in terminal
2024-04-01 15:56:08.805 [info] Added views:outline in workbench.view.explorer
2024-04-01 15:56:08.805 [info] Added views:workbench.scm in workbench.view.scm
2024-04-01 15:56:08.805 [info] Added views:workbench.view.search in workbench.view.search
2024-04-01 15:56:08.805 [info] Added views:timeline in workbench.view.explorer
2024-04-01 15:56:08.805 [info] Added views:workbench.explorer.fileView in workbench.view.explorer
2024-04-01 15:56:09.860 [info] Added views:workbench.debug.variablesView,workbench.debug.watchExpressionsView,workbench.debug.callStackView,workbench.debug.breakPointsView in workbench.view.debug
2024-04-01 15:56:12.509 [info] Added views:~remote.forwardedPorts in ~remote.forwardedPortsContainer
2024-04-01 15:56:12.819 [info] Added views:workbench.panel.repl.view in workbench.panel.repl
2024-04-01 15:56:12.820 [info] Removed views:workbench.debug.breakPointsView,workbench.debug.callStackView,workbench.debug.watchExpressionsView,workbench.debug.variablesView from workbench.view.debug
2024-04-01 15:56:12.820 [info] Added views:workbench.debug.welcome in workbench.view.debug
2024-04-01 15:56:22.270 [info] Added views:extension.vsKubernetesExplorer,extension.vsKubernetesHelmRepoExplorer,kubernetes.cloudExplorer in workbench.view.extension.kubernetesView
