2024-04-04 10:15:58.831 [info] Extension host with pid 52223 started
2024-04-04 10:15:59.734 [info] ExtensionService#_doActivateExtension vscode.git-base, startup: true, activationEvent: '*', root cause: vscode.git
2024-04-04 10:15:59.776 [info] ExtensionService#_doActivateExtension vscode.git, startup: true, activationEvent: '*'
2024-04-04 10:15:59.978 [info] ExtensionService#_doActivateExtension vscode.github, startup: true, activationEvent: '*'
2024-04-04 10:16:00.682 [info] Eager extensions activated
2024-04-04 10:16:00.864 [info] ExtensionService#_doActivateExtension vscode.debug-auto-launch, startup: false, activationEvent: 'onStartupFinished'
2024-04-04 10:16:00.887 [info] ExtensionService#_doActivateExtension vscode.merge-conflict, startup: false, activationEvent: 'onStartupFinished'
2024-04-04 10:16:04.332 [info] Extension host terminating: renderer closed the MessagePort
2024-04-04 10:16:04.453 [info] Extension host with pid 52223 exiting with code 0
2024-04-04 10:16:08.479 [info] Extension host with pid 52539 started
2024-04-04 10:16:08.479 [info] Skipping acquiring lock for /root/kube/11/mongodb/root/vscode/User/workspaceStorage/0f362b1320ab429387a22def5062b9d8.
2024-04-04 10:16:08.662 [info] ExtensionService#_doActivateExtension vscode.git-base, startup: true, activationEvent: '*'
2024-04-04 10:16:08.819 [info] ExtensionService#_doActivateExtension vscode.github, startup: true, activationEvent: '*'
2024-04-04 10:16:09.131 [info] Eager extensions activated
2024-04-04 10:16:09.231 [info] ExtensionService#_doActivateExtension vscode.debug-auto-launch, startup: false, activationEvent: 'onStartupFinished'
2024-04-04 10:16:09.270 [info] ExtensionService#_doActivateExtension vscode.merge-conflict, startup: false, activationEvent: 'onStartupFinished'
2024-04-04 10:16:16.307 [info] ExtensionService#_doActivateExtension vscode.git, startup: false, activationEvent: 'api', root cause: vscode.github
2024-04-04 10:16:17.552 [info] ExtensionService#_doActivateExtension redhat.vscode-yaml, startup: false, activationEvent: 'onLanguage:yaml', root cause: ms-kubernetes-tools.vscode-kubernetes-tools
2024-04-04 10:16:17.932 [info] ExtensionService#_doActivateExtension vscode.emmet, startup: false, activationEvent: 'onLanguage'
2024-04-04 10:16:18.668 [info] ExtensionService#_doActivateExtension ms-kubernetes-tools.vscode-kubernetes-tools, startup: false, activationEvent: 'onLanguage:yaml'
2024-04-04 10:16:21.976 [warning] [redhat.vscode-yaml] Accessing a resource scoped configuration without providing a resource is not expected. To get the effective value for '[yaml]', provide the URI of a resource or 'null' for any resource.
2024-04-04 10:16:22.119 [warning] [redhat.vscode-yaml] Accessing a resource scoped configuration without providing a resource is not expected. To get the effective value for '[yaml]', provide the URI of a resource or 'null' for any resource.
