2024-03-29 13:18:19.272 [info] Added views:workbench.panel.markers.view in workbench.panel.markers
2024-03-29 13:18:19.272 [info] Added views:workbench.panel.output in workbench.panel.output
2024-03-29 13:18:19.272 [info] Added views:terminal in terminal
2024-03-29 13:18:19.272 [info] Added views:outline in workbench.view.explorer
2024-03-29 13:18:19.272 [info] Added views:workbench.scm in workbench.view.scm
2024-03-29 13:18:19.272 [info] Added views:workbench.view.search in workbench.view.search
2024-03-29 13:18:19.272 [info] Added views:timeline in workbench.view.explorer
2024-03-29 13:18:19.272 [info] Added views:workbench.explorer.emptyView in workbench.view.explorer
2024-03-29 13:18:20.657 [info] Added views:workbench.debug.variablesView,workbench.debug.watchExpressionsView,workbench.debug.callStackView,workbench.debug.breakPointsView in workbench.view.debug
2024-03-29 13:18:23.758 [info] Added views:extension.vsKubernetesExplorer,extension.vsKubernetesHelmRepoExplorer,kubernetes.cloudExplorer in workbench.view.extension.kubernetesView
2024-03-29 13:18:23.879 [info] Added views:~remote.forwardedPorts in ~remote.forwardedPortsContainer
2024-03-29 13:18:24.400 [info] Added views:workbench.panel.repl.view in workbench.panel.repl
2024-03-29 13:18:24.401 [info] Removed views:workbench.debug.breakPointsView,workbench.debug.callStackView,workbench.debug.watchExpressionsView,workbench.debug.variablesView from workbench.view.debug
2024-03-29 13:18:24.401 [info] Added views:workbench.debug.welcome in workbench.view.debug
2024-03-29 13:18:35.222 [info] Added views:workbench.panel.markers.view in workbench.panel.markers
2024-03-29 13:18:35.222 [info] Added views:workbench.panel.output in workbench.panel.output
2024-03-29 13:18:35.222 [info] Added views:terminal in terminal
2024-03-29 13:18:35.222 [info] Added views:outline in workbench.view.explorer
2024-03-29 13:18:35.222 [info] Added views:workbench.scm in workbench.view.scm
2024-03-29 13:18:35.222 [info] Added views:workbench.view.search in workbench.view.search
2024-03-29 13:18:35.222 [info] Added views:timeline in workbench.view.explorer
2024-03-29 13:18:35.222 [info] Added views:workbench.explorer.fileView in workbench.view.explorer
2024-03-29 13:18:36.130 [info] Added views:workbench.debug.variablesView,workbench.debug.watchExpressionsView,workbench.debug.callStackView,workbench.debug.breakPointsView in workbench.view.debug
2024-03-29 13:18:38.672 [info] Added views:~remote.forwardedPorts in ~remote.forwardedPortsContainer
2024-03-29 13:18:39.392 [info] Added views:workbench.panel.repl.view in workbench.panel.repl
2024-03-29 13:18:39.400 [info] Removed views:workbench.debug.breakPointsView,workbench.debug.callStackView,workbench.debug.watchExpressionsView,workbench.debug.variablesView from workbench.view.debug
2024-03-29 13:18:39.401 [info] Added views:workbench.debug.welcome in workbench.view.debug
2024-03-29 13:18:47.044 [info] Added views:extension.vsKubernetesExplorer,extension.vsKubernetesHelmRepoExplorer,kubernetes.cloudExplorer in workbench.view.extension.kubernetesView
