2024-04-01 11:13:53.350 [info] Added views:workbench.panel.markers.view in workbench.panel.markers
2024-04-01 11:13:53.356 [info] Added views:workbench.panel.output in workbench.panel.output
2024-04-01 11:13:53.357 [info] Added views:terminal in terminal
2024-04-01 11:13:53.357 [info] Added views:outline in workbench.view.explorer
2024-04-01 11:13:53.357 [info] Added views:workbench.scm in workbench.view.scm
2024-04-01 11:13:53.357 [info] Added views:workbench.view.search in workbench.view.search
2024-04-01 11:13:53.357 [info] Added views:timeline in workbench.view.explorer
2024-04-01 11:13:53.357 [info] Added views:workbench.explorer.emptyView in workbench.view.explorer
2024-04-01 11:13:56.261 [info] Added views:workbench.debug.variablesView,workbench.debug.watchExpressionsView,workbench.debug.callStackView,workbench.debug.breakPointsView in workbench.view.debug
2024-04-01 11:14:01.414 [info] Added views:extension.vsKubernetesExplorer,extension.vsKubernetesHelmRepoExplorer,kubernetes.cloudExplorer in workbench.view.extension.kubernetesView
2024-04-01 11:14:01.576 [info] Added views:~remote.forwardedPorts in ~remote.forwardedPortsContainer
2024-04-01 11:14:03.031 [info] Added views:workbench.panel.repl.view in workbench.panel.repl
2024-04-01 11:14:03.033 [info] Removed views:workbench.debug.breakPointsView,workbench.debug.callStackView,workbench.debug.watchExpressionsView,workbench.debug.variablesView from workbench.view.debug
2024-04-01 11:14:03.033 [info] Added views:workbench.debug.welcome in workbench.view.debug
2024-04-01 11:14:14.824 [info] Added views:workbench.panel.markers.view in workbench.panel.markers
2024-04-01 11:14:14.825 [info] Added views:workbench.panel.output in workbench.panel.output
2024-04-01 11:14:14.825 [info] Added views:terminal in terminal
2024-04-01 11:14:14.825 [info] Added views:outline in workbench.view.explorer
2024-04-01 11:14:14.825 [info] Added views:workbench.scm in workbench.view.scm
2024-04-01 11:14:14.825 [info] Added views:workbench.view.search in workbench.view.search
2024-04-01 11:14:14.825 [info] Added views:timeline in workbench.view.explorer
2024-04-01 11:14:14.825 [info] Added views:workbench.explorer.fileView in workbench.view.explorer
2024-04-01 11:14:16.407 [info] Added views:workbench.debug.variablesView,workbench.debug.watchExpressionsView,workbench.debug.callStackView,workbench.debug.breakPointsView in workbench.view.debug
2024-04-01 11:14:16.970 [info] Added views:workbench.panel.repl.view in workbench.panel.repl
2024-04-01 11:14:16.975 [info] Removed views:workbench.debug.breakPointsView,workbench.debug.callStackView,workbench.debug.watchExpressionsView,workbench.debug.variablesView from workbench.view.debug
2024-04-01 11:14:16.976 [info] Added views:workbench.debug.welcome in workbench.view.debug
2024-04-01 11:14:17.702 [info] Added views:~remote.forwardedPorts in ~remote.forwardedPortsContainer
2024-04-01 11:14:24.524 [info] Added views:extension.vsKubernetesExplorer,extension.vsKubernetesHelmRepoExplorer,kubernetes.cloudExplorer in workbench.view.extension.kubernetesView
2024-04-01 11:51:31.888 [info] Added views:workbench.panel.markers.view in workbench.panel.markers
2024-04-01 11:51:31.888 [info] Added views:workbench.panel.output in workbench.panel.output
2024-04-01 11:51:31.888 [info] Added views:terminal in terminal
2024-04-01 11:51:31.888 [info] Added views:outline in workbench.view.explorer
2024-04-01 11:51:31.888 [info] Added views:workbench.scm in workbench.view.scm
2024-04-01 11:51:31.888 [info] Added views:workbench.view.search in workbench.view.search
2024-04-01 11:51:31.888 [info] Added views:timeline in workbench.view.explorer
2024-04-01 11:51:31.888 [info] Added views:workbench.explorer.fileView in workbench.view.explorer
2024-04-01 11:51:33.083 [info] Added views:extension.vsKubernetesExplorer,extension.vsKubernetesHelmRepoExplorer,kubernetes.cloudExplorer in workbench.view.extension.kubernetesView
2024-04-01 11:51:33.603 [info] Added views:workbench.debug.variablesView,workbench.debug.watchExpressionsView,workbench.debug.callStackView,workbench.debug.breakPointsView in workbench.view.debug
2024-04-01 11:51:33.753 [info] Added views:workbench.panel.repl.view in workbench.panel.repl
2024-04-01 11:51:33.753 [info] Removed views:workbench.debug.breakPointsView,workbench.debug.callStackView,workbench.debug.watchExpressionsView,workbench.debug.variablesView from workbench.view.debug
2024-04-01 11:51:33.753 [info] Added views:workbench.debug.welcome in workbench.view.debug
2024-04-01 11:51:34.527 [info] Added views:~remote.forwardedPorts in ~remote.forwardedPortsContainer
